This file contains any messages produced by compilers while
running configure, to aid debugging if configure makes a mistake.

It was created by aircrack-ng configure 1.6.0, which was
generated by GNU Autoconf 2.69.  Invocation command line was

  $ ./configure 

## --------- ##
## Platform. ##
## --------- ##

hostname = killing-machine2
uname -m = x86_64
uname -r = 5.10.0-3-amd64
uname -s = Linux
uname -v = #1 SMP Debian 5.10.13-1 (2021-02-06)

/usr/bin/uname -p = unknown
/bin/uname -X     = unknown

/bin/arch              = x86_64
/usr/bin/arch -k       = unknown
/usr/convex/getsysinfo = unknown
/usr/bin/hostinfo      = unknown
/bin/machine           = unknown
/usr/bin/oslevel       = unknown
/bin/universe          = unknown

PATH: /usr/local/bin
PATH: /usr/bin
PATH: /bin
PATH: /usr/games


## ----------- ##
## Core tests. ##
## ----------- ##

configure:3279: checking build system type
configure:3293: result: x86_64-pc-linux-gnu
configure:3313: checking host system type
configure:3326: result: x86_64-pc-linux-gnu
configure:3346: checking target system type
configure:3359: result: x86_64-pc-linux-gnu
configure:3438: checking for a BSD-compatible install
configure:3506: result: /usr/bin/install -c
configure:3517: checking whether build environment is sane
configure:3572: result: yes
configure:3718: checking for a thread-safe mkdir -p
configure:3757: result: /usr/bin/mkdir -p
configure:3764: checking for gawk
configure:3780: found /usr/bin/gawk
configure:3791: result: gawk
configure:3802: checking whether make sets $(MAKE)
configure:3824: result: yes
configure:3853: checking whether make supports nested variables
configure:3870: result: yes
configure:3997: checking whether to enable maintainer-specific portions of Makefiles
configure:4006: result: no
configure:4033: checking whether make supports nested variables
configure:4050: result: yes
configure:4076: checking whether make supports the include directive
configure:4091: make -f confmf.GNU && cat confinc.out
this is the am__doit target
configure:4094: $? = 0
configure:4113: result: yes (GNU style)
configure:4185: checking for gcc
configure:4201: found /usr/bin/gcc
configure:4212: result: gcc
configure:4441: checking for C compiler version
configure:4450: gcc --version >&5
gcc (Debian 10.2.1-6) 10.2.1 20210110
Copyright (C) 2020 Free Software Foundation, Inc.
This is free software; see the source for copying conditions.  There is NO
warranty; not even for MERCHANTABILITY or FITNESS FOR A PARTICULAR PURPOSE.

configure:4461: $? = 0
configure:4450: gcc -v >&5
Using built-in specs.
COLLECT_GCC=gcc
COLLECT_LTO_WRAPPER=/usr/lib/gcc/x86_64-linux-gnu/10/lto-wrapper
OFFLOAD_TARGET_NAMES=nvptx-none:amdgcn-amdhsa:hsa
OFFLOAD_TARGET_DEFAULT=1
Target: x86_64-linux-gnu
Configured with: ../src/configure -v --with-pkgversion='Debian 10.2.1-6' --with-bugurl=file:///usr/share/doc/gcc-10/README.Bugs --enable-languages=c,ada,c++,go,brig,d,fortran,objc,obj-c++,m2 --prefix=/usr --with-gcc-major-version-only --program-suffix=-10 --program-prefix=x86_64-linux-gnu- --enable-shared --enable-linker-build-id --libexecdir=/usr/lib --without-included-gettext --enable-threads=posix --libdir=/usr/lib --enable-nls --enable-bootstrap --enable-clocale=gnu --enable-libstdcxx-debug --enable-libstdcxx-time=yes --with-default-libstdcxx-abi=new --enable-gnu-unique-object --disable-vtable-verify --enable-plugin --enable-default-pie --with-system-zlib --enable-libphobos-checking=release --with-target-system-zlib=auto --enable-objc-gc=auto --enable-multiarch --disable-werror --with-arch-32=i686 --with-abi=m64 --with-multilib-list=m32,m64,mx32 --enable-multilib --with-tune=generic --enable-offload-targets=nvptx-none=/build/gcc-10-Km9U7s/gcc-10-10.2.1/debian/tmp-nvptx/usr,amdgcn-amdhsa=/build/gcc-10-Km9U7s/gcc-10-10.2.1/debian/tmp-gcn/usr,hsa --without-cuda-driver --enable-checking=release --build=x86_64-linux-gnu --host=x86_64-linux-gnu --target=x86_64-linux-gnu --with-build-config=bootstrap-lto-lean --enable-link-mutex
Thread model: posix
Supported LTO compression algorithms: zlib zstd
gcc version 10.2.1 20210110 (Debian 10.2.1-6) 
... rest of stderr output deleted ...
configure:4461: $? = 0
configure:4450: gcc -V >&5
gcc: error: unrecognized command-line option '-V'
gcc: fatal error: no input files
compilation terminated.
configure:4461: $? = 1
configure:4450: gcc -qversion >&5
gcc: error: unrecognized command-line option '-qversion'; did you mean '--version'?
gcc: fatal error: no input files
compilation terminated.
configure:4461: $? = 1
configure:4481: checking whether the C compiler works
configure:4503: gcc    conftest.c  >&5
configure:4507: $? = 0
configure:4555: result: yes
configure:4558: checking for C compiler default output file name
configure:4560: result: a.out
configure:4566: checking for suffix of executables
configure:4573: gcc -o conftest    conftest.c  >&5

## ---------------- ##
## Cache variables. ##
## ---------------- ##

ac_cv_build=x86_64-pc-linux-gnu
ac_cv_env_BREW_set=
ac_cv_env_BREW_value=
ac_cv_env_CCASFLAGS_set=
ac_cv_env_CCASFLAGS_value=
ac_cv_env_CCAS_set=
ac_cv_env_CCAS_value=
ac_cv_env_CCC_set=
ac_cv_env_CCC_value=
ac_cv_env_CC_set=
ac_cv_env_CC_value=
ac_cv_env_CFLAGS_set=
ac_cv_env_CFLAGS_value=
ac_cv_env_CMOCKA_CFLAGS_set=
ac_cv_env_CMOCKA_CFLAGS_value=
ac_cv_env_CMOCKA_LIBS_set=
ac_cv_env_CMOCKA_LIBS_value=
ac_cv_env_CPPFLAGS_set=
ac_cv_env_CPPFLAGS_value=
ac_cv_env_CPP_set=
ac_cv_env_CPP_value=
ac_cv_env_CXXCPP_set=
ac_cv_env_CXXCPP_value=
ac_cv_env_CXXFLAGS_set=
ac_cv_env_CXXFLAGS_value=
ac_cv_env_CXX_set=
ac_cv_env_CXX_value=
ac_cv_env_ETHTOOL_set=
ac_cv_env_ETHTOOL_value=
ac_cv_env_EXPECT_set=
ac_cv_env_EXPECT_value=
ac_cv_env_HWLOC_CFLAGS_set=
ac_cv_env_HWLOC_CFLAGS_value=
ac_cv_env_HWLOC_FOUND_set=
ac_cv_env_HWLOC_FOUND_value=
ac_cv_env_HWLOC_LIBS_set=
ac_cv_env_HWLOC_LIBS_value=
ac_cv_env_LDFLAGS_set=
ac_cv_env_LDFLAGS_value=
ac_cv_env_LIBNL1_CFLAGS_set=
ac_cv_env_LIBNL1_CFLAGS_value=
ac_cv_env_LIBNL1_LIBS_set=
ac_cv_env_LIBNL1_LIBS_value=
ac_cv_env_LIBNL30_CFLAGS_set=
ac_cv_env_LIBNL30_CFLAGS_value=
ac_cv_env_LIBNL30_LIBS_set=
ac_cv_env_LIBNL30_LIBS_value=
ac_cv_env_LIBNL31_CFLAGS_set=
ac_cv_env_LIBNL31_CFLAGS_value=
ac_cv_env_LIBNL31_LIBS_set=
ac_cv_env_LIBNL31_LIBS_value=
ac_cv_env_LIBNL3X_CFLAGS_set=
ac_cv_env_LIBNL3X_CFLAGS_value=
ac_cv_env_LIBNL3X_LIBS_set=
ac_cv_env_LIBNL3X_LIBS_value=
ac_cv_env_LIBNLT_CFLAGS_set=
ac_cv_env_LIBNLT_CFLAGS_value=
ac_cv_env_LIBNLT_LIBS_set=
ac_cv_env_LIBNLT_LIBS_value=
ac_cv_env_LIBS_set=
ac_cv_env_LIBS_value=
ac_cv_env_LTDL_FOUND_set=
ac_cv_env_LTDL_FOUND_value=
ac_cv_env_LTDL_LIBS_set=
ac_cv_env_LTDL_LIBS_value=
ac_cv_env_LT_SYS_LIBRARY_PATH_set=
ac_cv_env_LT_SYS_LIBRARY_PATH_value=
ac_cv_env_NUMA_FOUND_set=
ac_cv_env_NUMA_FOUND_value=
ac_cv_env_NUMA_LIBS_set=
ac_cv_env_NUMA_LIBS_value=
ac_cv_env_OPENSSL_FOUND_set=
ac_cv_env_OPENSSL_FOUND_value=
ac_cv_env_OPENSSL_LIBS_set=
ac_cv_env_OPENSSL_LIBS_value=
ac_cv_env_PCAP_FOUND_set=
ac_cv_env_PCAP_FOUND_value=
ac_cv_env_PCAP_LIBS_set=
ac_cv_env_PCAP_LIBS_value=
ac_cv_env_PCRE_CFLAGS_set=
ac_cv_env_PCRE_CFLAGS_value=
ac_cv_env_PCRE_FOUND_set=
ac_cv_env_PCRE_FOUND_value=
ac_cv_env_PCRE_LIBS_set=
ac_cv_env_PCRE_LIBS_value=
ac_cv_env_PKG_CONFIG_LIBDIR_set=
ac_cv_env_PKG_CONFIG_LIBDIR_value=
ac_cv_env_PKG_CONFIG_PATH_set=
ac_cv_env_PKG_CONFIG_PATH_value=
ac_cv_env_PKG_CONFIG_set=
ac_cv_env_PKG_CONFIG_value=
ac_cv_env_RFKILL_set=
ac_cv_env_RFKILL_value=
ac_cv_env_SQLITE3_FOUND_set=
ac_cv_env_SQLITE3_FOUND_value=
ac_cv_env_SQLITE3_LIBS_set=
ac_cv_env_SQLITE3_LIBS_value=
ac_cv_env_STATIC_HOST_ALIAS_set=
ac_cv_env_STATIC_HOST_ALIAS_value=
ac_cv_env_STATIC_LIBDIR_NAME_set=
ac_cv_env_STATIC_LIBDIR_NAME_value=
ac_cv_env_ZLIB_CFLAGS_set=
ac_cv_env_ZLIB_CFLAGS_value=
ac_cv_env_ZLIB_FOUND_set=
ac_cv_env_ZLIB_FOUND_value=
ac_cv_env_ZLIB_LIBS_set=
ac_cv_env_ZLIB_LIBS_value=
ac_cv_env_build_alias_set=
ac_cv_env_build_alias_value=
ac_cv_env_host_alias_set=
ac_cv_env_host_alias_value=
ac_cv_env_target_alias_set=
ac_cv_env_target_alias_value=
ac_cv_host=x86_64-pc-linux-gnu
ac_cv_path_install='/usr/bin/install -c'
ac_cv_path_mkdir=/usr/bin/mkdir
ac_cv_prog_AWK=gawk
ac_cv_prog_ac_ct_CC=gcc
ac_cv_prog_make_make_set=yes
ac_cv_target=x86_64-pc-linux-gnu
am_cv_make_support_nested_variables=yes

## ----------------- ##
## Output variables. ##
## ----------------- ##

ACLOCAL='${SHELL} '\''/home/mythical/githubsources/tmp/missing'\'' aclocal-1.16'
ACLOCAL_AMFLAGS='-I build/m4/stubs -I build/m4 ${ACLOCAL_FLAGS}'
AIRPCAP_CFLAGS=''
AIRPCAP_FALSE=''
AIRPCAP_LIBS=''
AIRPCAP_TRUE=''
ALTIVEC_FALSE=''
ALTIVEC_TRUE=''
AMDEPBACKSLASH='\'
AMDEP_FALSE='#'
AMDEP_TRUE=''
AMTAR='$${TAR-tar}'
AM_BACKSLASH='\'
AM_DEFAULT_V='$(AM_DEFAULT_VERBOSITY)'
AM_DEFAULT_VERBOSITY='0'
AM_V='$(V)'
AR=''
ARM_FALSE=''
ARM_TRUE=''
AS=''
AUTOCONF='${SHELL} '\''/home/mythical/githubsources/tmp/missing'\'' autoconf'
AUTOHEADER='${SHELL} '\''/home/mythical/githubsources/tmp/missing'\'' autoheader'
AUTOMAKE='${SHELL} '\''/home/mythical/githubsources/tmp/missing'\'' automake-1.16'
AVX512F_FALSE=''
AVX512F_FOUND=''
AVX512F_TRUE=''
AWK='gawk'
BREW=''
CACHELINE_SIZE=''
CC='gcc'
CCAS=''
CCASDEPMODE=''
CCASFLAGS=''
CCDEPMODE=''
CFLAGS=''
CMOCKA_CFLAGS=''
CMOCKA_FALSE=''
CMOCKA_LIBS=''
CMOCKA_TRUE=''
CODE_COVERAGE_BRANCH_COVERAGE=''
CODE_COVERAGE_CFLAGS=''
CODE_COVERAGE_CPPFLAGS=''
CODE_COVERAGE_CXXFLAGS=''
CODE_COVERAGE_ENABLED=''
CODE_COVERAGE_ENABLED_FALSE=''
CODE_COVERAGE_ENABLED_TRUE=''
CODE_COVERAGE_IGNORE_PATTERN=''
CODE_COVERAGE_LIBS=''
CPP=''
CPPFLAGS=''
CRYPTO_CFLAGS=''
CRYPTO_INCLUDES=''
CRYPTO_LDFLAGS=''
CRYPTO_LIBS=''
CXX=''
CXXCPP=''
CXXDEPMODE=''
CXXFLAGS=''
CYGPATH_W='echo'
CYGWIN_FALSE=''
CYGWIN_TRUE=''
DARWIN_FALSE=''
DARWIN_TRUE=''
DEFS=''
DEPDIR='.deps'
DLLTOOL=''
DSYMUTIL=''
DUMMY_FALSE=''
DUMMY_TRUE=''
DUMPBIN=''
ECHO_C=''
ECHO_N='-n'
ECHO_T=''
EGREP=''
ENABLE_INSTALLED_TESTS_FALSE=''
ENABLE_INSTALLED_TESTS_TRUE=''
ETHTOOL=''
EXEEXT=''
EXPECT=''
EXPECT_FALSE=''
EXPECT_TRUE=''
EXPERIMENTAL_FALSE=''
EXPERIMENTAL_TRUE=''
EXT_SCRIPTS_FALSE=''
EXT_SCRIPTS_TRUE=''
FGREP=''
FREEBSD_FALSE=''
FREEBSD_TRUE=''
GCOV=''
GCRYPT_CFLAGS=''
GCRYPT_LIBS=''
GENHTML=''
GREP=''
HAVE_AIRPCAP_OR_PCAP_FALSE=''
HAVE_AIRPCAP_OR_PCAP_TRUE=''
HAVE_BSD_STRING_H_FALSE=''
HAVE_BSD_STRING_H_TRUE=''
HAVE_CXX11=''
HAVE_CXX14=''
HAVE_CXX17=''
HAVE_HWLOC_FALSE=''
HAVE_HWLOC_TRUE=''
HAVE_PCAP_FALSE=''
HAVE_PCAP_TRUE=''
HAVE_SQLITE3=''
HAVE_SQLITE3_FALSE=''
HAVE_SQLITE3_TRUE=''
HAVE_STRLCAT_FALSE=''
HAVE_STRLCAT_TRUE=''
HAVE_STRLCPY_FALSE=''
HAVE_STRLCPY_TRUE=''
HWLOC_CFLAGS=''
HWLOC_FOUND=''
HWLOC_LIBS=''
INSTALL_DATA='${INSTALL} -m 644'
INSTALL_PROGRAM='${INSTALL}'
INSTALL_SCRIPT='${INSTALL}'
INSTALL_STRIP_PROGRAM='$(install_sh) -c -s'
LCOV=''
LD=''
LDFLAGS=''
LIBGCRYPT_CFLAGS=''
LIBGCRYPT_CONFIG=''
LIBGCRYPT_FALSE=''
LIBGCRYPT_LIBS=''
LIBGCRYPT_TRUE=''
LIBNL1_CFLAGS=''
LIBNL1_LIBS=''
LIBNL30_CFLAGS=''
LIBNL30_LIBS=''
LIBNL31_CFLAGS=''
LIBNL31_LIBS=''
LIBNL3X_CFLAGS=''
LIBNL3X_LIBS=''
LIBNLT_CFLAGS=''
LIBNLT_LIBS=''
LIBNL_CFLAGS=''
LIBNL_LIBS=''
LIBOBJS=''
LIBS=''
LIBTOOL=''
LINUX_FALSE=''
LINUX_TRUE=''
LIPO=''
LN_S=''
LTDL_FOUND=''
LTDL_LIBS=''
LTLIBOBJS=''
LT_SYS_LIBRARY_PATH=''
LT_VER=''
MAINT='#'
MAINTAINER_MODE_FALSE=''
MAINTAINER_MODE_TRUE='#'
MAKEINFO='${SHELL} '\''/home/mythical/githubsources/tmp/missing'\'' makeinfo'
MANIFEST_TOOL=''
MAN_RELEASE_DATE=''
MAN_RELEASE_VERSION=''
MKDIR_P='/usr/bin/mkdir -p'
MULTIBIN_FALSE=''
MULTIBIN_TRUE=''
NEON_FALSE=''
NEON_TRUE=''
NETBSD_FALSE=''
NETBSD_TRUE=''
NLLIBNAME=''
NM=''
NMEDIT=''
NUMA_FOUND=''
NUMA_LIBS=''
OBJDUMP=''
OBJEXT=''
OPENBSD_FALSE=''
OPENBSD_TRUE=''
OPENSSL_FOUND=''
OPENSSL_INCLUDES=''
OPENSSL_LDFLAGS=''
OPENSSL_LIBS=''
OTOOL64=''
OTOOL=''
PACKAGE='aircrack-ng'
PACKAGE_BUGREPORT='https://forum.aircrack-ng.org'
PACKAGE_NAME='aircrack-ng'
PACKAGE_STRING='aircrack-ng 1.6.0'
PACKAGE_TARNAME='aircrack-ng'
PACKAGE_URL=''
PACKAGE_VERSION='1.6.0'
PATH_SEPARATOR=':'
PCAP_CFLAGS=''
PCAP_FOUND=''
PCAP_LIBS=''
PCRE_CFLAGS=''
PCRE_FOUND=''
PCRE_LIBS=''
PKG_CONFIG=''
PKG_CONFIG_LIBDIR=''
PKG_CONFIG_PATH=''
POWER8_FALSE=''
POWER8_TRUE=''
PPC_FALSE=''
PPC_TRUE=''
PTHREAD_CC=''
PTHREAD_CFLAGS=''
PTHREAD_LIBS=''
PYTHON=''
RANLIB=''
READLINK=''
RFKILL=''
SED=''
SET_MAKE=''
SHELL='/bin/bash'
SIMD_SUFFIX=''
SQLITE3_CFLAGS=''
SQLITE3_FOUND=''
SQLITE3_LDFLAGS=''
SQLITE3_LIBS=''
SQLITE3_VERSION=''
STATIC_BUILD_FALSE=''
STATIC_BUILD_TRUE=''
STATIC_CRYPTO_FALSE=''
STATIC_CRYPTO_TRUE=''
STATIC_HOST_ALIAS=''
STATIC_HWLOC_FALSE=''
STATIC_HWLOC_TRUE=''
STATIC_LIBDIR_NAME=''
STRIP=''
VALGRIND=''
VALGRIND_CHECK_RULES=''
VALGRIND_ENABLED=''
VALGRIND_ENABLED_FALSE=''
VALGRIND_ENABLED_TRUE=''
VALGRIND_HAVE_TOOL_drd=''
VALGRIND_HAVE_TOOL_exp_sgcheck=''
VALGRIND_HAVE_TOOL_helgrind=''
VALGRIND_HAVE_TOOL_memcheck=''
VERSION='1.6.0'
X86_FALSE=''
X86_TRUE=''
ZLIB_CFLAGS=''
ZLIB_FOUND=''
ZLIB_LIBS=''
_BETA=''
_MAJ=''
_MIN=''
_RC=''
_SCM=''
_SUB_MIN=''
ac_ct_AR=''
ac_ct_CC='gcc'
ac_ct_CXX=''
ac_ct_DUMPBIN=''
am__EXEEXT_FALSE=''
am__EXEEXT_TRUE=''
am__fastdepCCAS_FALSE=''
am__fastdepCCAS_TRUE=''
am__fastdepCC_FALSE=''
am__fastdepCC_TRUE=''
am__fastdepCXX_FALSE=''
am__fastdepCXX_TRUE=''
am__include='include'
am__isrc=''
am__leading_dot='.'
am__nodep='_no'
am__quote=''
am__tar='$${TAR-tar} chof - "$$tardir"'
am__untar='$${TAR-tar} xf -'
arm_neon_cflags=''
arm_neon_cxxflags=''
ax_pthread_config=''
bindir='${exec_prefix}/bin'
build='x86_64-pc-linux-gnu'
build_alias=''
build_cpu='x86_64'
build_os='linux-gnu'
build_vendor='pc'
datadir='${datarootdir}'
datarootdir='${prefix}/share'
docdir='${datarootdir}/doc/${PACKAGE_TARNAME}'
dvidir='${docdir}'
exec_prefix='NONE'
host='x86_64-pc-linux-gnu'
host_alias=''
host_cpu='x86_64'
host_os='linux-gnu'
host_vendor='pc'
htmldir='${docdir}'
ifGNUmake=''
ifnGNUmake=''
includedir='${prefix}/include'
infodir='${datarootdir}/info'
install_sh='${SHELL} /home/mythical/githubsources/tmp/install-sh'
libdir='${exec_prefix}/lib'
libexecdir='${exec_prefix}/libexec'
localedir='${datarootdir}/locale'
localstatedir='${prefix}/var'
mandir='${datarootdir}/man'
mkdir_p='$(MKDIR_P)'
oldincludedir='/usr/include'
pdfdir='${docdir}'
pkgpythondir=''
ppc_altivec_cflags=''
ppc_altivec_cxxflags=''
prefix='NONE'
program_transform_name='s,x,x,'
psdir='${docdir}'
pythondir=''
runstatedir='${localstatedir}/run'
sbindir='${exec_prefix}/sbin'
sharedstatedir='${prefix}/com'
sysconfdir='${prefix}/etc'
target='x86_64-pc-linux-gnu'
target_alias=''
target_cpu='x86_64'
target_os='linux-gnu'
target_vendor='pc'
x86_avx2_cflags=''
x86_avx2_cxxflags=''
x86_avx512_cflags=''
x86_avx512_cxxflags=''
x86_avx_cflags=''
x86_avx_cxxflags=''
x86_mmx_cflags=''
x86_mmx_cxxflags=''
x86_sse2_cflags=''
x86_sse2_cxxflags=''

## ----------- ##
## confdefs.h. ##
## ----------- ##

/* confdefs.h */
#define PACKAGE_NAME "aircrack-ng"
#define PACKAGE_TARNAME "aircrack-ng"
#define PACKAGE_VERSION "1.6.0"
#define PACKAGE_STRING "aircrack-ng 1.6.0"
#define PACKAGE_BUGREPORT "https://forum.aircrack-ng.org"
#define PACKAGE_URL ""
#define PACKAGE "aircrack-ng"
#define VERSION "1.6.0"

configure: caught signal 2
configure: exit 1
